<?xml version="1.0" encoding="UTF-8" ?>
<testsuite failures="0" time="91.423" errors="1" skipped="0" tests="1" name="com.gwtplatform.samples.basic.client.SandboxGwtTest">
  <properties>
[...]
</properties>
  <testcase time="91.374" classname="com.gwtplatform.samples.basic.client.SandboxGwtTest" name="testSandbox">
    <error message="The browser did not contact the server within 60000ms.
 - 1 client(s) haven&apos;t responded back to JUnitShell since the start of the test.
 Actual time elapsed: 60.066 seconds.
Try increasing this timeout using the &apos;-testBeginTimeout minutes&apos; option
The default value of minutes is 1, i.e., the server waits 1 minute or 60 seconds.
" type="com.google.gwt.junit.client.TimeoutException">com.google.gwt.junit.client.TimeoutException: The browser did not contact the server within 60000ms.
 - 1 client(s) haven&apos;t responded back to JUnitShell since the start of the test.
 Actual time elapsed: 60.066 seconds.
Try increasing this timeout using the &apos;-testBeginTimeout minutes&apos; option
The default value of minutes is 1, i.e., the server waits 1 minute or 60 seconds.

	at com.google.gwt.junit.JUnitShell.notDone(JUnitShell.java:1042)
	at com.google.gwt.junit.JUnitShell.runTestImpl(JUnitShell.java:1364)
	at com.google.gwt.junit.JUnitShell.runTestImpl(JUnitShell.java:1284)
	at com.google.gwt.junit.JUnitShell.runTest(JUnitShell.java:678)
	at com.google.gwt.junit.client.GWTTestCase.runTest(GWTTestCase.java:421)
	at junit.framework.TestCase.runBare(TestCase.java:141)
	at junit.framework.TestResult$1.protect(TestResult.java:122)
	at junit.framework.TestResult.runProtected(TestResult.java:142)
	at junit.framework.TestResult.run(TestResult.java:125)
	at junit.framework.TestCase.run(TestCase.java:129)
	at com.google.gwt.junit.client.GWTTestCase.run(GWTTestCase.java:247)
	at junit.framework.TestSuite.runTest(TestSuite.java:255)
	at junit.framework.TestSuite.run(TestSuite.java:250)
	at org.codehaus.mojo.gwt.test.MavenTestRunner.doRun(MavenTestRunner.java:105)
	at junit.textui.TestRunner.start(TestRunner.java:183)
	at org.codehaus.mojo.gwt.test.MavenTestRunner.main(MavenTestRunner.java:63)
</error>
    <system-out>Ignored 1 unit with compilation errors in first pass.
Compile with -strict or with -logLevel set to TRACE or DEBUG to see all errors.
Starting http://192.168.0.102:60540/com.gwtplatform.samples.basic.Gwtpsample.JUnit/junit.html?gwt.codesvr=192.168.0.102:60538 on browser FF17
200 - GET /com.gwtplatform.samples.basic.Gwtpsample.JUnit/junit.html?gwt.codesvr=192.168.0.102:60538 (192.168.0.102) 2064 bytes
200 - GET /com.gwtplatform.samples.basic.Gwtpsample.JUnit/com.gwtplatform.samples.basic.Gwtpsample.JUnit.nocache.js (192.168.0.102) 8907 bytes
200 - GET /com.gwtplatform.samples.basic.Gwtpsample.JUnit/com.gwtplatform.samples.basic.Gwtpsample.JUnit.devmode.js (192.168.0.102) 15081 bytes
200 - GET /com.gwtplatform.samples.basic.Gwtpsample.JUnit/gwt/standard/standard.css (192.168.0.102) 22259 bytes
Ignored 1 unit with compilation errors in first pass.
Compile with -strict or with -logLevel set to TRACE or DEBUG to see all errors.
Module com.gwtplatform.samples.basic.Gwtpsample.JUnit has been loaded
</system-out>
  </testcase>
</testsuite>